kotlin version: 2.2.21
error message: java.lang.RuntimeException: Exception while generating code for:
FUN BRIDGE name:map visibility:public modality:OPEN returnType:<error-package>.<error>
  VALUE_PARAMETER INSTANCE_RECEIVER kind:DispatchReceiver name:<this> index:0 type:com.example.smartalarm.feature.alarm.framework.notification.mapper.MissedAlarmNotificationDataMapper
  VALUE_PARAMETER BRIDGE kind:Regular name:context index:1 type:android.content.Context
  VALUE_PARAMETER BRIDGE kind:Regular name:model index:2 type:<error-package>.<error>
  EXPRESSION_BODY
    TYPE_OP type=<error-package>.<error> origin=IMPLICIT_CAST typeOperand=<error-package>.<error>
      RETURN type=kotlin.Nothing from='public open fun map (context: android.content.Context, model: <error-package>.<error>): <error-package>.<error> declared in com.example.smartalarm.feature.alarm.framework.notification.mapper.MissedAlarmNotificationDataMapper'
        CALL 'public open fun map (context: android.content.Context, model: com.example.smartalarm.feature.alarm.framework.notification.model.AlarmNotificationModel.MissedAlarmModel): com.example.smartalarm.feature.alarm.framework.notification.model.AlarmNotificationData declared in com.example.smartalarm.feature.alarm.framework.notification.mapper.MissedAlarmNotificationDataMapper' type=com.example.smartalarm.feature.alarm.framework.notification.model.AlarmNotificationData origin=BRIDGE_DELEGATION
          ARG <this>: GET_VAR '<this>: com.example.smartalarm.feature.alarm.framework.notification.mapper.MissedAlarmNotificationDataMapper declared in com.example.smartalarm.feature.alarm.framework.notification.mapper.MissedAlarmNotificationDataMapper.map' type=com.example.smartalarm.feature.alarm.framework.notification.mapper.MissedAlarmNotificationDataMapper origin=null
          ARG context: GET_VAR 'context: android.content.Context declared in com.example.smartalarm.feature.alarm.framework.notification.mapper.MissedAlarmNotificationDataMapper.map' type=android.content.Context origin=null
          ARG model: TYPE_OP type=com.example.smartalarm.feature.alarm.framework.notification.model.AlarmNotificationModel.MissedAlarmModel origin=IMPLICIT_CAST typeOperand=com.example.smartalarm.feature.alarm.framework.notification.model.AlarmNotificationModel.MissedAlarmModel
            GET_VAR 'model: <error-package>.<error> declared in com.example.smartalarm.feature.alarm.framework.notification.mapper.MissedAlarmNotificationDataMapper.map' type=<error-package>.<error> origin=null

	at org.jetbrains.kotlin.backend.jvm.codegen.FunctionCodegen.generate(FunctionCodegen.kt:53)
	at org.jetbrains.kotlin.backend.jvm.codegen.FunctionCodegen.generate$default(FunctionCodegen.kt:46)
	at org.jetbrains.kotlin.backend.jvm.codegen.ClassCodegen.generateMethodNode(ClassCodegen.kt:422)
	at org.jetbrains.kotlin.backend.jvm.codegen.ClassCodegen.generateMethod(ClassCodegen.kt:439)
	at org.jetbrains.kotlin.backend.jvm.codegen.ClassCodegen.generate(ClassCodegen.kt:164)
	at org.jetbrains.kotlin.backend.jvm.JvmIrCodegenFactory.generateFile(JvmIrCodegenFactory.kt:446)
	at org.jetbrains.kotlin.backend.jvm.JvmIrCodegenFactory.invokeCodegen(JvmIrCodegenFactory.kt:413)
	at org.jetbrains.kotlin.cli.jvm.compiler.KotlinToJVMBytecodeCompiler.runCodegen$cli(KotlinToJVMBytecodeCompiler.kt:425)
	at org.jetbrains.kotlin.cli.pipeline.jvm.JvmBackendPipelinePhase.executePhase(JvmBackendPipelinePhase.kt:89)
	at org.jetbrains.kotlin.kapt.FirKaptAnalysisHandlerExtension.contextForStubGeneration(FirKaptAnalysisHandlerExtension.kt:196)
	at org.jetbrains.kotlin.kapt.FirKaptAnalysisHandlerExtension.doAnalysis(FirKaptAnalysisHandlerExtension.kt:99)
	at org.jetbrains.kotlin.fir.extensions.FirAnalysisHandlerExtension$Companion.analyze(FirAnalysisHandlerExtension.kt:29)
	at org.jetbrains.kotlin.cli.pipeline.jvm.JvmFrontendPipelinePhase.executePhase(JvmFrontendPipelinePhase.kt:75)
	at org.jetbrains.kotlin.cli.pipeline.jvm.JvmFrontendPipelinePhase.executePhase(JvmFrontendPipelinePhase.kt:47)
	at org.jetbrains.kotlin.cli.pipeline.PipelinePhase.phaseBody(PipelinePhase.kt:68)
	at org.jetbrains.kotlin.cli.pipeline.PipelinePhase.phaseBody(PipelinePhase.kt:58)
	at org.jetbrains.kotlin.config.phaser.NamedCompilerPhase.invoke(CompilerPhase.kt:102)
	at org.jetbrains.kotlin.backend.common.phaser.CompositePhase.invoke(PhaseBuilders.kt:22)
	at org.jetbrains.kotlin.config.phaser.CompilerPhaseKt.invokeToplevel(CompilerPhase.kt:53)
	at org.jetbrains.kotlin.cli.pipeline.AbstractCliPipeline.runPhasedPipeline(AbstractCliPipeline.kt:109)
	at org.jetbrains.kotlin.cli.pipeline.AbstractCliPipeline.execute(AbstractCliPipeline.kt:68)
	at org.jetbrains.kotlin.cli.jvm.K2JVMCompiler.doExecutePhased(K2JVMCompiler.kt:79)
	at org.jetbrains.kotlin.cli.jvm.K2JVMCompiler.doExecutePhased(K2JVMCompiler.kt:45)
	at org.jetbrains.kotlin.cli.common.CLICompiler.execImpl(CLICompiler.kt:90)
	at org.jetbrains.kotlin.cli.common.CLICompiler.exec(CLICompiler.kt:352)
	at org.jetbrains.kotlin.incremental.IncrementalJvmCompilerRunnerBase.runCompiler(IncrementalJvmCompilerRunnerBase.kt:176)
	at org.jetbrains.kotlin.incremental.IncrementalJvmCompilerRunnerBase.runCompiler(IncrementalJvmCompilerRunnerBase.kt:39)
	at org.jetbrains.kotlin.incremental.IncrementalCompilerRunner.doCompile(IncrementalCompilerRunner.kt:499)
	at org.jetbrains.kotlin.incremental.IncrementalCompilerRunner.compileImpl(IncrementalCompilerRunner.kt:416)
	at org.jetbrains.kotlin.incremental.IncrementalCompilerRunner.compileNonIncrementally(IncrementalCompilerRunner.kt:301)
	at org.jetbrains.kotlin.incremental.IncrementalCompilerRunner.compile(IncrementalCompilerRunner.kt:128)
	at org.jetbrains.kotlin.daemon.CompileServiceImplBase.execIncrementalCompiler(CompileServiceImpl.kt:684)
	at org.jetbrains.kotlin.daemon.CompileServiceImplBase.access$execIncrementalCompiler(CompileServiceImpl.kt:94)
	at org.jetbrains.kotlin.daemon.CompileServiceImpl.compile(CompileServiceImpl.kt:1810)
	at java.base/jdk.internal.reflect.DirectMethodHandleAccessor.invoke(Unknown Source)
	at java.base/java.lang.reflect.Method.invoke(Unknown Source)
	at java.rmi/sun.rmi.server.UnicastServerRef.dispatch(Unknown Source)
	at java.rmi/sun.rmi.transport.Transport$1.run(Unknown Source)
	at java.rmi/sun.rmi.transport.Transport$1.run(Unknown Source)
	at java.base/java.security.AccessController.doPrivileged(Unknown Source)
	at java.rmi/sun.rmi.transport.Transport.serviceCall(Unknown Source)
	at java.rmi/sun.rmi.transport.tcp.TCPTransport.handleMessages(Unknown Source)
	at java.rmi/sun.rmi.transport.tcp.TCPTransport$ConnectionHandler.run0(Unknown Source)
	at java.rmi/sun.rmi.transport.tcp.TCPTransport$ConnectionHandler.lambda$run$0(Unknown Source)
	at java.base/java.security.AccessController.doPrivileged(Unknown Source)
	at java.rmi/sun.rmi.transport.tcp.TCPTransport$ConnectionHandler.run(Unknown Source)
	at java.base/java.util.concurrent.ThreadPoolExecutor.runWorker(Unknown Source)
	at java.base/java.util.concurrent.ThreadPoolExecutor$Worker.run(Unknown Source)
	at java.base/java.lang.Thread.run(Unknown Source)
Caused by: java.lang.IllegalArgumentException: Invalid class name (must not contain . ; [ < > or :): <error-package>/no_name_in_PSI_3d19d79d_1ba9_4cd0_b7f5_b46aa3cd5d40
	at org.jetbrains.org.objectweb.asm.util.CheckSignatureAdapter.checkClassName(CheckSignatureAdapter.java:342)
	at org.jetbrains.org.objectweb.asm.util.CheckSignatureAdapter.visitClassType(CheckSignatureAdapter.java:284)
	at org.jetbrains.kotlin.codegen.signature.BothSignatureWriter.writeClassBegin(BothSignatureWriter.java:78)
	at org.jetbrains.kotlin.codegen.signature.JvmSignatureWriter.writeAsmType(JvmSignatureWriter.java:44)
	at org.jetbrains.kotlin.codegen.signature.BothSignatureWriter.writeAsmType(BothSignatureWriter.java:72)
	at org.jetbrains.kotlin.backend.jvm.mapping.IrTypeMapper.writeGenericType(IrTypeMapper.kt:157)
	at org.jetbrains.kotlin.backend.jvm.mapping.IrTypeMapper.writeGenericType(IrTypeMapper.kt:43)
	at org.jetbrains.kotlin.types.AbstractTypeMapper.mapClassType(AbstractTypeMapper.kt:206)
	at org.jetbrains.kotlin.types.AbstractTypeMapper.mapType(AbstractTypeMapper.kt:89)
	at org.jetbrains.kotlin.types.AbstractTypeMapper.mapType(AbstractTypeMapper.kt:53)
	at org.jetbrains.kotlin.backend.jvm.mapping.IrTypeMapper.mapType(IrTypeMapper.kt:147)
	at org.jetbrains.kotlin.backend.jvm.codegen.ClassCodegen$typeMapper$1.mapType(ClassCodegen.kt:95)
	at org.jetbrains.kotlin.backend.jvm.mapping.MethodSignatureMapper.writeParameterType(MethodSignatureMapper.kt:353)
	at org.jetbrains.kotlin.backend.jvm.mapping.MethodSignatureMapper.writeParameter(MethodSignatureMapper.kt:338)
	at org.jetbrains.kotlin.backend.jvm.mapping.MethodSignatureMapper.mapSignature(MethodSignatureMapper.kt:250)
	at org.jetbrains.kotlin.backend.jvm.mapping.MethodSignatureMapper.mapSignature$default(MethodSignatureMapper.kt:221)
	at org.jetbrains.kotlin.backend.jvm.mapping.MethodSignatureMapper.mapSignatureWithGeneric(MethodSignatureMapper.kt:219)
	at org.jetbrains.kotlin.backend.jvm.codegen.FunctionCodegen.doGenerate(FunctionCodegen.kt:57)
	at org.jetbrains.kotlin.backend.jvm.codegen.FunctionCodegen.generate(FunctionCodegen.kt:50)
	... 48 more


